0 info it worked if it ends with ok
1 verbose cli [ 'C:\\Program Files\\nodejs\\node.exe',
1 verbose cli   'C:\\Program Files\\nodejs\\node_modules\\npm\\bin\\npm-cli.js',
1 verbose cli   'install',
1 verbose cli   '-g',
1 verbose cli   'heroku-cli',
1 verbose cli   '6.0.0' ]
2 info using npm@2.15.5
3 info using node@v4.4.5
4 verbose install initial load of C:\Users\Valentino\AppData\Roaming\npm\package.json
5 verbose readDependencies loading dependencies from C:\Users\Valentino\AppData\Roaming\npm\package.json
6 silly cache add args [ 'heroku-cli', null ]
7 verbose cache add spec heroku-cli
8 silly cache add args [ '6.0.0', null ]
9 verbose cache add spec 6.0.0
10 silly cache add parsed spec Result {
10 silly cache add   raw: 'heroku-cli',
10 silly cache add   scope: null,
10 silly cache add   name: 'heroku-cli',
10 silly cache add   rawSpec: '',
10 silly cache add   spec: 'latest',
10 silly cache add   type: 'tag' }
11 silly addNamed heroku-cli@latest
12 verbose addNamed "latest" is being treated as a dist-tag for heroku-cli
13 info addNameTag [ 'heroku-cli', 'latest' ]
14 silly mapToRegistry name heroku-cli
15 silly mapToRegistry using default registry
16 silly mapToRegistry registry https://registry.npmjs.org/
17 silly mapToRegistry data Result {
17 silly mapToRegistry   raw: 'heroku-cli',
17 silly mapToRegistry   scope: null,
17 silly mapToRegistry   name: 'heroku-cli',
17 silly mapToRegistry   rawSpec: '',
17 silly mapToRegistry   spec: 'latest',
17 silly mapToRegistry   type: 'tag' }
18 silly mapToRegistry uri https://registry.npmjs.org/heroku-cli
19 verbose addNameTag registry:https://registry.npmjs.org/heroku-cli not in flight; fetching
20 silly cache add parsed spec Result {
20 silly cache add   raw: '6.0.0',
20 silly cache add   scope: null,
20 silly cache add   name: '6.0.0',
20 silly cache add   rawSpec: '',
20 silly cache add   spec: 'latest',
20 silly cache add   type: 'tag' }
21 silly addNamed 6.0.0@latest
22 verbose addNamed "latest" is being treated as a dist-tag for 6.0.0
23 info addNameTag [ '6.0.0', 'latest' ]
24 silly mapToRegistry name 6.0.0
25 silly mapToRegistry using default registry
26 silly mapToRegistry registry https://registry.npmjs.org/
27 silly mapToRegistry data Result {
27 silly mapToRegistry   raw: '6.0.0',
27 silly mapToRegistry   scope: null,
27 silly mapToRegistry   name: '6.0.0',
27 silly mapToRegistry   rawSpec: '',
27 silly mapToRegistry   spec: 'latest',
27 silly mapToRegistry   type: 'tag' }
28 silly mapToRegistry uri https://registry.npmjs.org/6.0.0
29 verbose addNameTag registry:https://registry.npmjs.org/6.0.0 not in flight; fetching
30 verbose request uri https://registry.npmjs.org/6.0.0
31 verbose request no auth needed
32 info attempt registry request try #1 at 20:44:08
33 verbose request id ff9e37b4116647ac
34 http request GET https://registry.npmjs.org/6.0.0
35 verbose request uri https://registry.npmjs.org/heroku-cli
36 verbose request no auth needed
37 info attempt registry request try #1 at 20:44:08
38 verbose etag "5ab29e45-890c8"
39 verbose lastModified Wed, 21 Mar 2018 18:02:45 GMT
40 http request GET https://registry.npmjs.org/heroku-cli
41 http 304 https://registry.npmjs.org/heroku-cli
42 verbose headers { date: 'Wed, 21 Mar 2018 19:44:11 GMT',
42 verbose headers   via: '1.1 varnish',
42 verbose headers   'cache-control': 'max-age=300',
42 verbose headers   etag: '"5ab29e45-890c8"',
42 verbose headers   age: '5842',
42 verbose headers   connection: 'keep-alive',
42 verbose headers   'x-served-by': 'cache-hhn1537-HHN',
42 verbose headers   'x-cache': 'HIT',
42 verbose headers   'x-cache-hits': '1',
42 verbose headers   'x-timer': 'S1521661451.411786,VS0,VE1',
42 verbose headers   vary: 'Accept-Encoding, Accept' }
43 silly get cb [ 304,
43 silly get   { date: 'Wed, 21 Mar 2018 19:44:11 GMT',
43 silly get     via: '1.1 varnish',
43 silly get     'cache-control': 'max-age=300',
43 silly get     etag: '"5ab29e45-890c8"',
43 silly get     age: '5842',
43 silly get     connection: 'keep-alive',
43 silly get     'x-served-by': 'cache-hhn1537-HHN',
43 silly get     'x-cache': 'HIT',
43 silly get     'x-cache-hits': '1',
43 silly get     'x-timer': 'S1521661451.411786,VS0,VE1',
43 silly get     vary: 'Accept-Encoding, Accept' } ]
44 verbose etag https://registry.npmjs.org/heroku-cli from cache
45 verbose get saving heroku-cli to C:\Users\Valentino\AppData\Roaming\npm-cache\registry.npmjs.org\heroku-cli\.cache.json
46 verbose correctMkdir C:\Users\Valentino\AppData\Roaming\npm-cache correctMkdir not in flight; initializing
47 silly addNameTag next cb for heroku-cli with tag latest
48 http 200 https://registry.npmjs.org/6.0.0
49 verbose headers { 'content-type': 'application/json; charset=UTF-8',
49 verbose headers   server: 'UploadServer',
49 verbose headers   'cache-control': 'max-age=300',
49 verbose headers   'last-modified': 'Wed, 17 Jan 2018 1:11:20 GMT',
49 verbose headers   etag: '"5a5ea2b8-18c"',
49 verbose headers   'x-npm-region': 'EU-East',
49 verbose headers   'content-encoding': 'gzip',
49 verbose headers   'content-length': '244',
49 verbose headers   'accept-ranges': 'bytes',
49 verbose headers   date: 'Wed, 21 Mar 2018 19:44:11 GMT',
49 verbose headers   via: '1.1 varnish',
49 verbose headers   age: '0',
49 verbose headers   connection: 'keep-alive',
49 verbose headers   'x-served-by': 'cache-hhn1543-HHN',
49 verbose headers   'x-cache': 'MISS',
49 verbose headers   'x-cache-hits': '0',
49 verbose headers   'x-timer': 'S1521661451.329381,VS0,VE335',
49 verbose headers   vary: 'Accept-Encoding, Accept' }
50 silly get cb [ 200,
50 silly get   { 'content-type': 'application/json; charset=UTF-8',
50 silly get     server: 'UploadServer',
50 silly get     'cache-control': 'max-age=300',
50 silly get     'last-modified': 'Wed, 17 Jan 2018 1:11:20 GMT',
50 silly get     etag: '"5a5ea2b8-18c"',
50 silly get     'x-npm-region': 'EU-East',
50 silly get     'content-encoding': 'gzip',
50 silly get     'content-length': '244',
50 silly get     'accept-ranges': 'bytes',
50 silly get     date: 'Wed, 21 Mar 2018 19:44:11 GMT',
50 silly get     via: '1.1 varnish',
50 silly get     age: '0',
50 silly get     connection: 'keep-alive',
50 silly get     'x-served-by': 'cache-hhn1543-HHN',
50 silly get     'x-cache': 'MISS',
50 silly get     'x-cache-hits': '0',
50 silly get     'x-timer': 'S1521661451.329381,VS0,VE335',
50 silly get     vary: 'Accept-Encoding, Accept' } ]
51 verbose get saving 6.0.0 to C:\Users\Valentino\AppData\Roaming\npm-cache\registry.npmjs.org\6.0.0\.cache.json
52 verbose correctMkdir C:\Users\Valentino\AppData\Roaming\npm-cache correctMkdir not in flight; initializing
53 silly addNameTag next cb for 6.0.0 with tag latest
54 verbose stack TypeError: Cannot convert undefined or null to object
54 verbose stack     at Function.keys (native)
54 verbose stack     at installTargetsError (C:\Program Files\nodejs\node_modules\npm\lib\cache\add-named.js:273:24)
54 verbose stack     at next (C:\Program Files\nodejs\node_modules\npm\lib\cache\add-named.js:94:10)
54 verbose stack     at RES (C:\Program Files\nodejs\node_modules\npm\node_modules\inflight\inflight.js:23:14)
54 verbose stack     at f (C:\Program Files\nodejs\node_modules\npm\node_modules\once\once.js:17:25)
54 verbose stack     at fixName (C:\Program Files\nodejs\node_modules\npm\lib\cache\add-named.js:29:5)
54 verbose stack     at saved (C:\Program Files\nodejs\node_modules\npm\lib\cache\caching-client.js:173:7)
54 verbose stack     at C:\Program Files\nodejs\node_modules\npm\node_modules\graceful-fs\polyfills.js:210:7
54 verbose stack     at FSReqWrap.oncomplete (fs.js:82:15)
55 verbose cwd C:\Users\Valentino\Desktop\AlbaniaVoiceRecording
56 error Windows_NT 6.1.7601
57 error argv "C:\\Program Files\\nodejs\\node.exe" "C:\\Program Files\\nodejs\\node_modules\\npm\\bin\\npm-cli.js" "install" "-g" "heroku-cli" "6.0.0"
58 error node v4.4.5
59 error npm  v2.15.5
60 error Cannot convert undefined or null to object
61 error If you need help, you may report this error at:
61 error     <https://github.com/npm/npm/issues>
62 verbose exit [ 1, true ]
